[2016-08-22 15:57 Illias] Oh mann ich hab kein Geld mehr. Hatte das so kalkuliert dass ich heute Abend alles ausgegeben haben würde. Aber jetzt musste ich das Hostel noch mal bezahlen und hab deswegen nichts mehr um was zu Essen zu kaufen.
[2016-08-22 15:57 David]  kannst du nicht mit karte zahlen?
[2016-08-22 15:59 Illias] Ich hab nur ne EC-Karte und das kostet immer Gebühren wenn ich das mache. Deswegen suche ich mir jetzt nen Automaten wo ich ein Mal was abhebe und nur ein Mal Gebühren zahlen muss.
[2016-08-22 16:00 David]  macht sinn

[2016-08-22 16:29 Illias] Oh mann >.<
[2016-08-22 16:30 Illias] Bin wohl auch hierbei nicht der Einzige mit dem gleichen Problem. Offenbar haben die Leute hier leichte Panik und wollen jetzt alle noch Bargeld in Pfund abheben. Der Umrechnungskurs ist barbarisch, vor ner Woche habe ich noch 8.50 Pfund für 10 Euro bekommen, grade nur noch 6! Hab erst mal nur das wenigste abgehoben.
[2016-08-22 16:32 David]  ich hoffe die machen die grenzen bald wieder auf damit du morgen nach hause kannst
[2016-08-22 16:33 Illias] Hm. Kann mir nicht vorstellen dass das länger dauert. Das muss doch eh irgend ein Fehler sein. So ganz ohne Vorwarnung kann doch sowas nicht sein.

[2016-08-22 17:15 Illias] lol. Der Bürgermeister von London wurde verhaftet.
[2016-08-22 17:17 David]  haha wat. warum?
[2016-08-22 17:18 Illias] Er wollte den Flughafen hier wieder öffnen. Hat der Polizei gesagt sie sollen das Gelände verlassen. War offenbar extrem wütend über die ganze Sache mit der Grenze. Keine Ahnung was er für eine Befehlsgewalt über die Polizei hier hat.
[2016-08-22 17:19 Illias] Offenbar keine. Die Polizisten haben sich nicht weg bewegt. Kriegen wohl ihre Befehle von wo anders.
[2016-08-22 17:19 Illias] Tja und dann kam eine Brigade schwarzer Vans zum Rathaus, hat ihn festgenommen und mitgenommen. Keine Ahnung wo hin.
[2016-08-22 17:20 David]  woher weißt du das?
[2016-08-22 17:21 Illias] Lief hier im Fernsehen. War so ein kleiner Lokalsender. Die großen, nationalen Sender zeigen schon den ganzen Tag nur belanglosen Kram. Habe seit heute morgen auch keine Nachrichten oder so mehr gesehen.
[2016-08-22 17:22 David]  ich hab hier auch mal geschaut. man empfängt hier gar keine britischen sender mehr. sind alle blockiert.
[2016-08-22 17:22 Illias] Und was sagen die deutschen Sender?
[2016-08-22 17:24 David]  na ja die sperre ist natürlich schon den ganzen tag top thema. aber es ist eher das gegenteil zu bei dir. man kriegt hier nichts anderes zu sehen oder zu hören. aber was los ist weiß auch keiner, es wird nur die ganze zeit wild spekuliert.
[2016-08-22 17:25 David]  auch bei euch scheint keiner was zu wissen. internet funktioniert ja offensichtlich noch, aber es bringt nichts, keiner von den reportern oder so im UK weiß etwas.
[2016-08-22 17:25 Illias] Bin mal auf die Ansprache gleich gespannt. Die sollte das Ganze aufklären.
[2016-08-22 17:25 David]  halt mich auf dem laufenden.

[2016-08-22 18:18 Illias] Hast du es gesehen?
[2016-08-22 18:18 David]  jain. im fernsehen wird es nicht ausgestrahlt. aber auf liveleak gibt es eine handyaufnahme davon. allerdings versteht man nicht viel. die kommentare da drunter sind auch terror. es scheinen alle einfach nur panik zu haben.
[2016-08-22 18:23 Illias] Well... Ich kann nicht sagen dass ich jetzt schlauer bin. Ich habe es im Fernsehen gesehen, in einem Pub gegenüber vom Hostel.
[2016-08-22 18:27 Illias] Der Premier hat selbst gesprochen. Er will die Souveränität vom UK wiederherstellen. Die EU habe sich schon viel zu lange in seine Angelegenheiten eingemischt. Bis die Austritts-Verhandlungen mit der EU abgeschlossen sind bleiben die Grenzen des United Kingdom geschlossen. Soll wohl seine die Ausgangslage für die Handlungen verbessern?
[2016-08-22 18:27 David]  also maximum-over-brexit? das ist doch quatsch
[2016-08-22 18:27 David]  fehlt nur noch dass trump präsident wird
[2016-08-22 18:27 Illias] But wait, there is more.
[2016-08-22 18:32 Illias] Der Premier hat außerdem eine Warung an Irland ausgesprochen. Sie sollen ebenfalls aus der EU austreten. Er würde keine "Kontinental-Sympathisanten" auf "seinen Inseln" dulden.
[2016-08-22 18:32 David]  ernsthaft?
[2016-08-22 18:35 Illias] Die Stimmung ist im Moment hier ganz schön angespannt.
[2016-08-22 18:36 David]  woher nimmt er eigentlich die befehlsgewalt für diese kampagne? darf er das überhaupt?
[2016-08-22 18:40 Illias] Weiß nicht. Ist aber offenbar egal. Er kann, das reicht. Ich habe gehört die Grenzen werden vom Militär bewacht. Offenbar gehorchen die ihm. Er ist der de-fakto Befehlshaber im Moment.
[2016-08-22 18:40 David]  was sagt denn die queen dazu? hat nicht sie eigentlich die ganze macht im königreich?
[2016-08-22 18:45 Illias] Rechtlich gesehen schon. Sie könnte den Premier absetzen. Allerdings hat man seit diese ganze Affäre begonnen hat nichts mehr von ihr gehört. Angeblich war das letzte Mal dass man sie gesehen hat als sie gestern Nachmittag von einer Spendengala zurück in den Buckingham Palace gefahren ist.
[2016-08-22 18:45 David]  bedenklich
[2016-08-22 18:45 Illias] Ja.
