[2016-08-22 09:08 David]  schon der 4. jet der heute über berlin fliegt
[2016-08-22 09:08 David]  vllt sollte ich doch vorräte kaufen
[2016-08-22 09:10 Illias] Jeah. Berlin ist aber auch so ein kriminelles Loch. Das muss man so stark überwachen...
[2016-08-22 09:11 Illias] Wahrscheinlich machen die nur wieder Übungsflüge. Hier ist grade gutes Wetter, und meine App sagt zu Hause bei euch auch. Dann fliegen die ja im Sommer immer.
[2016-08-22 09:11 David]  schon klar...
[2016-08-22 09:13 David]  du bist ja schon wach. gestern nacht nicht noch was gemacht?
[2016-08-22 09:14 Illias] Doch. Aber ich musste ja heute morgen schon aus dem Hostel raus. Meinen Kram darf ich da stehen lassen bis heute Abend, aber ich muss jetzt den ganzen Tag in der Stadt rumlungern... Soll mir recht sein, wollte hier eh noch mehr rumlaufen.
[2016-08-22 09:15 Illias] Außerdem haben die anderen in dem Gemeinschaftsschlafsaal heute morgen mega randaliert. Viele von denen sind heute abgereist. Aber muss das so früh sein? -.-
[2016-08-22 09:15 David]  kannst ja im bus schlafen
[2016-08-22 09:18 Illias] Das werde ich.

[2016-08-22 12:17 Illias] wtf
[2016-08-22 12:18 Illias] Ich habe grade erfahren dass die Grenzen vorrübergehend geschlossen sind. Ich hab bei meinem Busunternehmen aungerufen und die sagen der Bus darf heute Abend nicht fahren.
[2016-08-22 12:18 Illias] Jetzt muss ich anscheinend noch ne Nacht hier bleiben und dann morgen fahren.
[2016-08-22 12:19 David]  was ist da los? das können die doch nicht einfach so machen.
[2016-08-22 12:20 Illias] Na ja, das ist wohl einfach genug wenn du eine Insel bist. Häfen und Flughäfen sind geschlossen und der Eurotunnel gesperrt. Wahrscheinlich könnte man mit nem eigenen Boot rüber fahren, aber ich hänge hier erst mal fest.
[2016-08-22 12:20 David]  ich schau mal ob ich irgendwas rausfinde. geh du zu deinem hostel zurück und buch dir ein zimmer
[2016-08-22 12:20 Illias] Bin schon auf dem Weg. Danke.

[2016-08-22 13:22 Illias] Alright, ich bin wieder in meinem Hostel. Habe noch ein Bett bekommen, aber offenbar ist jetzt alles ausgebucht. Bin wohl nicht der einzige der heute Nacht ungeplant in London festhängt.
[2016-08-22 13:27 David]  gut. ich hab leider nichts gefunden was das soll. offenbar hat die britische regierung noch kein statement dazu abgegen, aber für heute abend um 18 uhr ist eine ansprache vom premier angesetzt
[2016-08-22 13:29 Illias] Ich hoffe die haben ne gute Erklärung dafür. Sowas kann doch nicht sein.
