[2016-08-22 18:55 Illias] *Image not available* Lol guck mal.
[2016-08-22 19:01 David]  was ist das?
[2016-08-22 19:01 Illias] Da verkauft einer vorm Hostel SIM-Karten.
[2016-08-22 19:01 David]  sieht nicht gerade vertrauenswürdig aus
[2016-08-22 19:02 Illias] Ja, er sieht aus wie ein Dealer. Verhält sich auch so. Ist wohl nicht ganz legal die einfach so an der Straßenecke zu verkaufen.
[2016-08-22 19:03 David]  kauft sie denn jemand?
[2016-08-22 19:04 Illias] Ja. Ein paar Leute haben welche gekauft. Weiß nicht, villeicht ist das hier so üblich? In Deutschland sind sie ja mit Internetzungang und so etwas überkorrekt.

[2016-08-22 19:30 Illias] Ich habe jemanden kennen gelernt.
[2016-08-22 19:32 David]  do tell
[2016-08-22 19:33 Illias] Sie heißt Saba. Lebt hier in London. Wir haben in dem Pub zufällig neben einander gesessen als die Ansprache lief. Natürlich sind wir darüber ins Gespräch gekommen. Sie hat so ziemlich die gleichen politischen Ansichten wie ich und trotz der alles anderen als romantischen Stimmung schien da eine gewisse Spannung zwischen uns zu liegen. Sie hat mir ihre Handynummer gegeben "falls ich eine Unterkunft brauche".
[2016-08-22 19:34 David]  lol
[2016-08-22 19:34 Illias] *Image not available*
[2016-08-22 19:34 David]  nice

[2016-08-22 20:29 Illias] Was sagt eigentlich die NATO zu dieser Sache?
[2016-08-22 20:35 David]  es sind alle möglichen politiker grade auf dem weg nach europa. aber die verhandlungen haben noch nicht angefangen. vom UK meldet sich aber auch keiner. irgendwas läuft da schief.

[2016-08-22 23:45 Illias] Meine SIM-Karte funktioniert nicht mehr.
[2016-08-22 23:47 David]  was meinst du?
[2016-08-22 23:49 Illias] Ich nehme an weil sie deutsch ist funktioniert sie nicht mehr. Ich kriege keinen Service. Keine Daten, kein Telefonieren, keine SMS. Die Anzeige oben ist weg, wie als ob ich den Flugmodus an hätte.
[2016-08-22 23:52 Illias] Bin grade im Hostel, im WLAN. War den ganzen Abend unterwegs. Man hat mich irgendwann aus dem Pub rausgeschmissen weil ich nichts mehr zu trinken gekauft habe, deswegen bin ich die ganze Zeit rumgelaufen und habe einen anderen gesucht. Im Hostel haben sie leider keinen.
[2016-08-22 23:53 David]  das sieht dir ähnlich
[2016-08-22 23:53 Illias] Na ja ich hab halt nicht unbegrenzt Geld hier.
[2016-08-22 23:53 Illias] Tatsächlich sind nur noch wenige Pfund übrig.
[2016-08-22 23:53 David]  hm.
[2016-08-22 23:54 David]  wirst du zu dem dealer gehen und dir eine von seinen SIM-karten kaufen? ich nehme an genau deswegen steht er da.
[2016-08-22 23:54 David]  weil viele touristen das problem haben
[2016-08-22 23:54 Illias] Stimmt.
[2016-08-22 23:55 Illias] Ich sollte.
[2016-08-22 23:55 Illias] Ohne Internet ist ganz schlecht und morgen muss ich wegen meinem Bus erreichbar sein. Vorausgesetzt sie machen die Grenzen morgen wieder auf.
[2016-08-22 23:55 David]  ich hoffe es. aber offenbar haben die verhandlungen bisher noch nicht mal begonnen.
[2016-08-22 23:59 Illias] Damn.
[2016-08-22 23:59 Illias] Na ja dann gehe ich jetzt wohl noch mal raus und hebe noch mal Geld ab. Ich bin mir ziemlich sicher dass 5 Pfund nicht für eine SIM-Karte von dem Dealer reichen werden, und ich brauche vielleicht noch was um das Hostel morgen zu bezahlen.
