[2016-08-23 02:49 Illias] Ugh.
[2016-08-23 02:49 Illias] Was eine beschissene Nacht.
[2016-08-23 02:50 Illias] Erstmal musste ich einen Geldautomaten finden der überhaupt noch funktioniert.
[2016-08-23 02:52 Illias] Nachdem dann ich für den schlechtesten Kurs ever 50 Pfund abgehoben hatte bin ich zurück zum Hostel, wo zu Beginn meiner nächtlichen Odyssee der Händler noch rumgestanden hattte.
[2016-08-23 02:53 Illias] Natürlich war er mittlerweile Weg, also hab ich bei ein paar Leuten rumgefragt die vorm Hostel standen.
[2016-08-23 02:54 Illias] Stellt sich raus er ist erst 5 Minuten früher mit nem Bus Richtung Brixton gefahren.
[2016-08-23 02:56 Illias] Der nächste Bus da hin wäre erst eine Stunde später gekommen, also bin ich auf mein Fahrrad und ihm so hinterher. Ich weiß, die Chancen waren gering, aber ich war verzweifelt.
[2016-08-23 02:58 Illias] Der Weg nach Brixton ist ziemlich weit und ich musste an jeder Haltestelle anhalten und gucken ob er da irgendwo ist, aber auch der Bus muss immer anhalten und ich habe vielleicht die ein oder andere rote Ampel überfahren.
[2016-08-23 02:58 Illias] Jedenfalls bin ich bis nach Brixton gefahren und habe dabei den Bus tatsächlich eingeholt.
[2016-08-23 02:59 Illias] Ich hatte zwar die Hoffnung schon fast aufgeben, aber unglaublicher Weise stieg genau vor mir der Dealer aus dem Bus.
[2016-08-23 03:00 Illias] Ich bin sofort zu ihm hin gegangen und hab ihn gefragt ob seine Karten echt seien.
[2016-08-23 03:01 Illias] Er hat mich natürlich erst mal genervt angemacht, schien aber gewillt zu sein mir eine Karte zu verkaufen.
[2016-08-23 03:01 Illias] Das ist der Teil wo es interessant wurde.
[2016-08-23 03:03 Illias] Gerade als er den Preis nannte -- 60 Pfund, was natürlich absolut lächerlich ist -- kamen zwei Polizisten die Straße entlang auf uns zu geschlendert. Sahen zwar nicht so aus als ob sie es irgendwie auf uns abgesehen hätten aber sie kamen halt genau auf uns zu und wer weiß wie die Szene für sie ausgesehen haben muss.
[2016-08-23 03:04 Illias] Jedenfalls wird der Dealer sofort mega nervös, hält mir aber trotzdem die eine Hand mit der SIM-Karte und die andere Hand offen unter die Nase. Ich wollte eigentlich noch verhandeln, aber unter den Umständen hab ich ihm nur schnell klar machen können dass ich nur 50 Pfund und bisschen Kleingeld hatte. Er hat nicht lange überlegt und das Geld genommen, im Austausch für die Karte, von der ich nicht mal wusste ob sie funktioniert.
[2016-08-23 03:06 Illias] Leider haben wir dabei wohl doch etwas zu verdächtig ausgesehen und die Polizisten kamen zu uns rüber. Vermutlich weil ich ausshe wie ein Tourist und er... na ja, du hast das Foto gesehen, haben sie ihn sofort in die Mangel genommen. Ihm Fragen gestellt und seine Taschen durchsucht. Offenbar waren sie auch nicht gerade begeistert davon die SIM-Karten bei ihm zu finden.
[2016-08-23 03:07 Illias] Dabei haben sie mich wie gesagt so ziemlich ignoriert, und ich saß immer noch auf meinem Fahrrad... Also hab ich mir gedacht den Ärger spar ich mir, am Ende nehmen sie mir die Karte noch wieder ab, und bin einfach weg gefahren.
[2016-08-23 03:09 Illias] Sie haben mir hinterhergebrüllt, aber ich bin einfach ganz schnell um ein paar Häuserecken gefahren bis ich mir sicher war dass sie mir nicht folgen und habe mich in die dunkelste Ecke verzogen die ich finden konnte. Ich glaube zwar nicht dass es sie weiter interessiert und wegen so ner Kleinigkeit werden sie wohl kaum nach mir suchen, zumal die Polizei zu Zeit vermutlich genug zu tun hat, aber ich hab mich in meinem Leben noch nie so paranoid gefühlt.
[2016-08-23 03:10 Illias] Jetzt sitze ich hier unter so ner Brücke und trau mich nicht wirklich zurück zum Hostel zu fahren... Ich werde noch ein bisschen warten und dann fahren.
[2016-08-23 03:10 Illias] Aber hey! Die SIM-Karte klappt offenbar!

[2016-08-23 09:46 David]  i guess
[2016-08-23 09:46 David]  the dealer ( •_•)
[2016-08-23 09:46 David]  has been ( •_•)>⌐■-■
[2016-08-23 09:47 David]  dealt with (⌐■_■) __
[2016-08-23 09:49 Illias] stop it
[2016-08-23 09:50 David]  bist du mittlerweile wieder im hostel?
[2016-08-23 09:50 Illias] Ja. Ich hab mich noch etwa eine Stunde da rum gedrückt und bin dann mit rasendem Herzen hier her gerast.
[2016-08-23 09:51 David]  du machst sachen
[2016-08-23 09:51 Illias] Mir geht es nicht gut.
[2016-08-23 09:51 David]  wie du sagst: sie werden dich wohl kaum suchen deswegen. du brauchst deswegen kein schlechtes gewissen haben
[2016-08-23 09:52 Illias] Nicht deswegen.
[2016-08-23 09:52 Illias] Ich nehme an ich sollte es dir erzählen.
[2016-08-23 09:52 David]  das klingt nicht gut
[2016-08-23 09:52 Illias] Als ich mich gestern vor der Polizei versteckt habe... Ich weiß gar nicht wie ich es erzählen soll.
[2016-08-23 09:57 David]  was schreibst du da für einen roman?
[2016-08-23 10:01 Illias] Ich habe unter der Brücke gesessen und dir geschrieben. Kurze Zeit später ist so ein SUV unter die Brücke gefahren und hat da angehalten. Ganz in meiner Nähe, aber ich hatte mich mit meinem Fahrrad oben auf einer dieser Rampen direkt unter der Straße die obendrüber führt versteckt, also haben sie mich nicht gesehen. Ich hab mich natürlich auch bedeckt gehalten, teils weil ich irgendwie befürchtete dass das doch noch die Polizei war und teils weil ich niemandem erklären wollte warum ich da oben rumsaß. Aus dem Auto sind zwei Leute ausgestiegen, der Fahrer und der Beifahrer, beide in kräftige Kerle in schwarzen Anzügen und eindeutig mit Pistolen bewaffnet. Sie gehen um das Auto rum, holen eine alte Frau gewaltsam aus dem Auto und halten sie draußen fest. Sie kam mir direkt bekannt vor. Auf der anderen Seite steigt ein Typ aus... Sein Gesicht hatte ich auch schon mal irgendwo gesehen. Er war ebenfalls mit einer Pistole bewaffnet, die allerdings an seinem Gürtel hing, sondern nur so hinten in die Hose gesteckt war. Als mir klar wurde wer die Alte und der Typ waren habe ich sofort mein Handy genommen und ein Video gemacht. Ich will dir das eigentlich nicht antun, aber ich muss es jemandem zeigen und du würdest mir sonst nicht glauben wenn. Sei gewarnt: In dem Video wird jemand erschossen.
[2016-08-23 10:02 Illias] *Video not available*

[2016-08-23 10:11 David]  hast du mir grade ein video geschickt in dem der neue premierminister die queen erschießt?
